<?xml version="1.0" encoding="UTF-8"?>
<testng-results ignored="0" total="2" passed="1" failed="1" skipped="0">
  <reporter-output>
  </reporter-output>
  <suite started-at="2020-03-21T12:51:12 IST" name="Default suite" finished-at="2020-03-21T12:51:41 IST" duration-ms="28381">
    <groups>
    </groups>
    <test started-at="2020-03-21T12:51:12 IST" name="Default test" finished-at="2020-03-21T12:51:41 IST" duration-ms="28381">
      <class name="com.bridgelabz.bookwagon.test.BooksWagonTest">
        <test-method is-config="true" signature="setup()[pri:0, instance:com.bridgelabz.bookwagon.test.BooksWagonTest@5af3afd9]" started-at="2020-03-21T12:51:12 IST" name="setup" finished-at="2020-03-21T12:51:35 IST" duration-ms="22764" status="PASS">
          <reporter-output>
          </reporter-output>
        </test-method> <!-- setup -->
        <test-method signature="WhenTypeAuthorAndBookName_ShouldReturnBooklist()[pri:1, instance:com.bridgelabz.bookwagon.test.BooksWagonTest@5af3afd9]" started-at="2020-03-21T12:51:35 IST" name="WhenTypeAuthorAndBookName_ShouldReturnBooklist" finished-at="2020-03-21T12:51:37 IST" duration-ms="2434" status="PASS">
          <reporter-output>
          </reporter-output>
        </test-method> <!-- WhenTypeAuthorAndBookName_ShouldReturnBooklist -->
        <test-method signature="addedBook()[pri:2, instance:com.bridgelabz.bookwagon.test.BooksWagonTest@5af3afd9]" started-at="2020-03-21T12:51:37 IST" name="addedBook" finished-at="2020-03-21T12:51:40 IST" duration-ms="2891" status="FAIL">
          <exception class="org.openqa.selenium.WebDriverException">
            <message>
              <![CDATA[element click intercepted: Element <input type="submit" name="ctl00$TopSearch1$Button1" value="" onclick="return checkSearchText();" id="ctl00_TopSearch1_Button1" class="sprite search-btn"> is not clickable at point (747, 40). Other element would receive the click: <div id="cboxOverlay" style="opacity: 0.5; cursor: pointer;"></div>
  (Session info: chrome=80.0.3987.122)
Build info: version: '3.4.0', revision: 'unknown', time: 'unknown'
System info: host: 'admin1-HP-EliteBook-Folio-9480m', ip: '127.0.1.1', os.name: 'Linux', os.arch: 'amd64', os.version: '4.15.0-88-generic', java.version: '11.0.6'
Driver info: org.openqa.selenium.chrome.ChromeDriver
Capabilities [{networkConnectionEnabled=false, chrome={chromedriverVersion=80.0.3987.106 (f68069574609230cf9b635cd784cfb1bf81bb53a-refs/branch-heads/3987@{#882}), userDataDir=/tmp/.com.google.Chrome.nwnNzj}, timeouts={implicit=0.0, pageLoad=300000.0, script=30000.0}, pageLoadStrategy=normal, unhandledPromptBehavior=dismiss and notify, strictFileInteractability=false, platform=ANY, proxy=Proxy(), goog:chromeOptions={debuggerAddress=localhost:46881}, acceptInsecureCerts=false, browserVersion=80.0.3987.122, browserName=chrome, javascriptEnabled=true, platformName=linux, setWindowRect=true}]
Session ID: 230a006db370e130917744a002d07aca]]>
            </message>
            <full-stacktrace>
              <![CDATA[org.openqa.selenium.WebDriverException: element click intercepted: Element <input type="submit" name="ctl00$TopSearch1$Button1" value="" onclick="return checkSearchText();" id="ctl00_TopSearch1_Button1" class="sprite search-btn"> is not clickable at point (747, 40). Other element would receive the click: <div id="cboxOverlay" style="opacity: 0.5; cursor: pointer;"></div>
  (Session info: chrome=80.0.3987.122)
Build info: version: '3.4.0', revision: 'unknown', time: 'unknown'
System info: host: 'admin1-HP-EliteBook-Folio-9480m', ip: '127.0.1.1', os.name: 'Linux', os.arch: 'amd64', os.version: '4.15.0-88-generic', java.version: '11.0.6'
Driver info: org.openqa.selenium.chrome.ChromeDriver
Capabilities [{networkConnectionEnabled=false, chrome={chromedriverVersion=80.0.3987.106 (f68069574609230cf9b635cd784cfb1bf81bb53a-refs/branch-heads/3987@{#882}), userDataDir=/tmp/.com.google.Chrome.nwnNzj}, timeouts={implicit=0.0, pageLoad=300000.0, script=30000.0}, pageLoadStrategy=normal, unhandledPromptBehavior=dismiss and notify, strictFileInteractability=false, platform=ANY, proxy=Proxy(), goog:chromeOptions={debuggerAddress=localhost:46881}, acceptInsecureCerts=false, browserVersion=80.0.3987.122, browserName=chrome, javascriptEnabled=true, platformName=linux, setWindowRect=true}]
Session ID: 230a006db370e130917744a002d07aca
at java.base/jdk.internal.reflect.NativeConstructorAccessorImpl.newInstance0(Native Method)
at java.base/jdk.internal.reflect.NativeConstructorAccessorImpl.newInstance(NativeConstructorAccessorImpl.java:62)
at java.base/jdk.internal.reflect.DelegatingConstructorAccessorImpl.newInstance(DelegatingConstructorAccessorImpl.java:45)
at java.base/java.lang.reflect.Constructor.newInstance(Constructor.java:490)
at org.openqa.selenium.remote.http.W3CHttpResponseCodec.createException(W3CHttpResponseCodec.java:150)
at org.openqa.selenium.remote.http.W3CHttpResponseCodec.decode(W3CHttpResponseCodec.java:115)
at org.openqa.selenium.remote.http.W3CHttpResponseCodec.decode(W3CHttpResponseCodec.java:45)
at org.openqa.selenium.remote.HttpCommandExecutor.execute(HttpCommandExecutor.java:164)
at org.openqa.selenium.remote.service.DriverCommandExecutor.execute(DriverCommandExecutor.java:82)
at org.openqa.selenium.remote.RemoteWebDriver.execute(RemoteWebDriver.java:637)
at org.openqa.selenium.remote.RemoteWebElement.execute(RemoteWebElement.java:272)
at org.openqa.selenium.remote.RemoteWebElement.click(RemoteWebElement.java:82)
at java.base/jdk.internal.reflect.NativeMethodAccessorImpl.invoke0(Native Method)
at java.base/jdk.internal.reflect.NativeMethodAccessorImpl.invoke(NativeMethodAccessorImpl.java:62)
at java.base/jdk.internal.reflect.DelegatingMethodAccessorImpl.invoke(DelegatingMethodAccessorImpl.java:43)
at java.base/java.lang.reflect.Method.invoke(Method.java:566)
at org.openqa.selenium.support.pagefactory.internal.LocatingElementHandler.invoke(LocatingElementHandler.java:51)
at com.sun.proxy.$Proxy10.click(Unknown Source)
at com.bridgelabz.bookswagon.page.Homepage.buttonClick(Homepage.java:54)
at com.bridgelabz.bookwagon.test.BooksWagonTest.addedBook(BooksWagonTest.java:39)
at java.base/jdk.internal.reflect.NativeMethodAccessorImpl.invoke0(Native Method)
at java.base/jdk.internal.reflect.NativeMethodAccessorImpl.invoke(NativeMethodAccessorImpl.java:62)
at java.base/jdk.internal.reflect.DelegatingMethodAccessorImpl.invoke(DelegatingMethodAccessorImpl.java:43)
at java.base/java.lang.reflect.Method.invoke(Method.java:566)
at org.testng.internal.MethodInvocationHelper.invokeMethod(MethodInvocationHelper.java:134)
at org.testng.internal.TestInvoker.invokeMethod(TestInvoker.java:597)
at org.testng.internal.TestInvoker.invokeTestMethod(TestInvoker.java:173)
at org.testng.internal.MethodRunner.runInSequence(MethodRunner.java:46)
at org.testng.internal.TestInvoker$MethodInvocationAgent.invoke(TestInvoker.java:816)
at org.testng.internal.TestInvoker.invokeTestMethods(TestInvoker.java:146)
at org.testng.internal.TestMethodWorker.invokeTestMethods(TestMethodWorker.java:146)
at org.testng.internal.TestMethodWorker.run(TestMethodWorker.java:128)
at java.base/java.util.ArrayList.forEach(ArrayList.java:1540)
at org.testng.TestRunner.privateRun(TestRunner.java:766)
at org.testng.TestRunner.run(TestRunner.java:587)
at org.testng.SuiteRunner.runTest(SuiteRunner.java:384)
at org.testng.SuiteRunner.runSequentially(SuiteRunner.java:378)
at org.testng.SuiteRunner.privateRun(SuiteRunner.java:337)
at org.testng.SuiteRunner.run(SuiteRunner.java:286)
at org.testng.SuiteRunnerWorker.runSuite(SuiteRunnerWorker.java:53)
at org.testng.SuiteRunnerWorker.run(SuiteRunnerWorker.java:96)
at org.testng.TestNG.runSuitesSequentially(TestNG.java:1187)
at org.testng.TestNG.runSuitesLocally(TestNG.java:1109)
at org.testng.TestNG.runSuites(TestNG.java:1039)
at org.testng.TestNG.run(TestNG.java:1007)
at org.testng.remote.AbstractRemoteTestNG.run(AbstractRemoteTestNG.java:115)
at org.testng.remote.RemoteTestNG.initAndRun(RemoteTestNG.java:251)
at org.testng.remote.RemoteTestNG.main(RemoteTestNG.java:77)
]]>
            </full-stacktrace>
          </exception> <!-- org.openqa.selenium.WebDriverException -->
          <reporter-output>
          </reporter-output>
        </test-method> <!-- addedBook -->
        <test-method is-config="true" signature="close()[pri:0, instance:com.bridgelabz.bookwagon.test.BooksWagonTest@5af3afd9]" started-at="2020-03-21T12:51:40 IST" name="close" finished-at="2020-03-21T12:51:41 IST" duration-ms="236" status="PASS">
          <reporter-output>
          </reporter-output>
        </test-method> <!-- close -->
      </class> <!-- com.bridgelabz.bookwagon.test.BooksWagonTest -->
    </test> <!-- Default test -->
  </suite> <!-- Default suite -->
</testng-results>
