<?xml version="1.0" encoding="UTF-8"?>
<testng-results ignored="0" total="1" passed="1" failed="0" skipped="0">
  <reporter-output>
  </reporter-output>
  <suite started-at="2020-03-30T05:31:42 IST" name="Default suite" finished-at="2020-03-30T05:32:21 IST" duration-ms="38324">
    <groups>
    </groups>
    <test started-at="2020-03-30T05:31:42 IST" name="Default test" finished-at="2020-03-30T05:32:21 IST" duration-ms="38324">
      <class name="com.bridgelabz.bookwagon.test.BooksWagonTest">
        <test-method is-config="true" signature="Setup()[pri:0, instance:com.bridgelabz.bookwagon.test.BooksWagonTest@5af3afd9]" started-at="2020-03-30T05:31:42 IST" name="Setup" finished-at="2020-03-30T05:31:51 IST" duration-ms="9007" status="PASS">
          <reporter-output>
          </reporter-output>
        </test-method> <!-- Setup -->
        <test-method signature="WhenUserTypeAuthorAndBookName_ShouldAbleToPlaceOrder()[pri:0, instance:com.bridgelabz.bookwagon.test.BooksWagonTest@5af3afd9]" started-at="2020-03-30T05:31:51 IST" name="WhenUserTypeAuthorAndBookName_ShouldAbleToPlaceOrder" finished-at="2020-03-30T05:32:20 IST" duration-ms="29182" status="PASS">
          <reporter-output>
          </reporter-output>
        </test-method> <!-- WhenUserTypeAuthorAndBookName_ShouldAbleToPlaceOrder -->
        <test-method is-config="true" signature="close()[pri:0, instance:com.bridgelabz.bookwagon.test.BooksWagonTest@5af3afd9]" started-at="2020-03-30T05:32:20 IST" name="close" finished-at="2020-03-30T05:32:21 IST" duration-ms="79" status="PASS">
          <reporter-output>
          </reporter-output>
        </test-method> <!-- close -->
      </class> <!-- com.bridgelabz.bookwagon.test.BooksWagonTest -->
    </test> <!-- Default test -->
  </suite> <!-- Default suite -->
</testng-results>
